<?xml version="1.0" encoding="UTF-8"?>
<!-- Generated by org.testng.reporters.JUnitReportReporter -->
<testsuite name="testNGFailedTestRerun.Test1" tests="1" time="0.102" ignored="0" failures="0" timestamp="20 Aug 2018 03:31:37 GMT" skipped="0" hostname="JAGA" errors="0">
  <testcase name="test1" time="0.102" classname="testNGFailedTestRerun.Test1"/>
</testsuite> <!-- testNGFailedTestRerun.Test1 -->
