<?xml version="1.0" encoding="UTF-8"?>
<!-- Generated by org.testng.reporters.JUnitReportReporter -->
<testsuite name="AutoComplete" tests="1" time="18.275" ignored="0" failures="0" timestamp="17 Jul 2018 16:49:26 GMT" skipped="0" hostname="JAGA" errors="0">
  <testcase name="rightClickTest" time="18.275" classname="AutoComplete"/>
</testsuite> <!-- AutoComplete -->
